{
  "stats": {
    "suites": 12,
    "tests": 41,
    "passes": 1,
    "pending": 0,
    "failures": 40,
    "start": "2021-11-22T17:54:12.789Z",
    "end": "2021-11-22T17:57:26.151Z",
    "duration": 193362,
    "testsRegistered": 41,
    "passPercent": 2.4390243902439024,
    "pendingPercent": 0,
    "other": 0,
    "hasOther": false,
    "skipped": 0,
    "hasSkipped": false
  },
  "results": [
    {
      "uuid": "4a5f0bc5-a98c-4b2a-bf30-fa47a9487166",
      "title": "",
      "fullFile": "cypress/integration/project.spec.js",
      "file": "cypress/integration/project.spec.js",
      "beforeHooks": [],
      "afterHooks": [],
      "tests": [],
      "suites": [
        {
          "uuid": "2999d242-cf93-4570-a55e-e21bd5fd6584",
          "title": "1 - Adicione à página o título \"Paleta de Cores\".",
          "fullFile": "",
          "file": "",
          "beforeHooks": [],
          "afterHooks": [],
          "tests": [
            {
              "title": "Verifica se contém um elemento `h1` com o id `title` com o título correto",
              "fullTitle": "1 - Adicione à página o título \"Paleta de Cores\". Verifica se contém um elemento `h1` com o id `title` com o título correto",
              "timedOut": null,
              "duration": 521,
              "state": "passed",
              "speed": "slow",
              "pass": true,
              "fail": false,
              "pending": false,
              "context": null,
              "code": "cy.get('h1#title').should('contain.text', 'Paleta de Cores');",
              "err": {},
              "uuid": "8efff32f-6360-408a-b8be-21f435c2fca0",
              "parentUUID": "2999d242-cf93-4570-a55e-e21bd5fd6584",
              "isHook": false,
              "skipped": false
            }
          ],
          "suites": [],
          "passes": [
            "8efff32f-6360-408a-b8be-21f435c2fca0"
          ],
          "failures": [],
          "pending": [],
          "skipped": [],
          "duration": 521,
          "root": false,
          "rootEmpty": false,
          "_timeout": 2000
        },
        {
          "uuid": "70732218-bca9-4f18-ae0b-12b9f99fad77",
          "title": "2 - Adicione à página uma paleta de quatro cores distintas.",
          "fullFile": "",
          "file": "",
          "beforeHooks": [],
          "afterHooks": [],
          "tests": [
            {
              "title": "A paleta de cores deve ser um elemento com `id` denominado `color-palette`",
              "fullTitle": "2 - Adicione à página uma paleta de quatro cores distintas. A paleta de cores deve ser um elemento com `id` denominado `color-palette`",
              "timedOut": null,
              "duration": 4867,
              "state": "failed",
              "speed": null,
              "pass": false,
              "fail": true,
              "pending": false,
              "context": null,
              "code": "cy.get('#color-palette').should('be.visible');\ncy.get('#color-palette').children('.color');",
              "err": {
                "message": "CypressError: Timed out retrying: Expected to find element: '#color-palette', but never found it.",
                "estack": "CypressError: Timed out retrying: Expected to find element: '#color-palette', but never found it.\n    at cypressErr (http://localhost:43751/__cypress/runner/cypress_runner.js:149934:9)\n    at throwErr (http://localhost:43751/__cypress/runner/cypress_runner.js:149867:11)\n    at Object.throwErrByPath (http://localhost:43751/__cypress/runner/cypress_runner.js:149915:3)\n    at retry (http://localhost:43751/__cypress/runner/cypress_runner.js:144197:19)\n    at onFailFn (http://localhost:43751/__cypress/runner/cypress_runner.js:132448:16)\n    at tryCatcher (http://localhost:43751/__cypress/runner/cypress_runner.js:167415:23)\n    at Promise._settlePromiseFromHandler (http://localhost:43751/__cypress/runner/cypress_runner.js:165351:31)\n    at Promise._settlePromise (http://localhost:43751/__cypress/runner/cypress_runner.js:165408:18)\n    at Promise._settlePromise0 (http://localhost:43751/__cypress/runner/cypress_runner.js:165453:10)\n    at Promise._settlePromises (http://localhost:43751/__cypress/runner/cypress_runner.js:165528:18)\n    at Async../node_modules/bluebird/js/release/async.js.Async._drainQueue (http://localhost:43751/__cypress/runner/cypress_runner.js:162140:16)\n    at Async../node_modules/bluebird/js/release/async.js.Async._drainQueues (http://localhost:43751/__cypress/runner/cypress_runner.js:162150:10)\n    at Async.drainQueues (http://localhost:43751/__cypress/runner/cypress_runner.js:162024:14)",
                "diff": null
              },
              "uuid": "81e8b3e7-d115-4434-a5f2-e96a652c0cc0",
              "parentUUID": "70732218-bca9-4f18-ae0b-12b9f99fad77",
              "isHook": false,
              "skipped": false
            },
            {
              "title": "Verifica se cada cor individual da paleta de cores possui a `classe` chamada `color`.",
              "fullTitle": "2 - Adicione à página uma paleta de quatro cores distintas. Verifica se cada cor individual da paleta de cores possui a `classe` chamada `color`.",
              "timedOut": null,
              "duration": 4573,
              "state": "failed",
              "speed": null,
              "pass": false,
              "fail": true,
              "pending": false,
              "context": null,
              "code": "cy.get('.color').should('have.length', 4).then(function (colors) {\n  for (var i = 0; i < colors.length; i++) {\n    cy.wrap(colors[i]).should('be.visible');\n  }\n});",
              "err": {
                "message": "CypressError: Timed out retrying: Expected to find element: '.color', but never found it.",
                "estack": "CypressError: Timed out retrying: Expected to find element: '.color', but never found it.\n    at cypressErr (http://localhost:43751/__cypress/runner/cypress_runner.js:149934:9)\n    at throwErr (http://localhost:43751/__cypress/runner/cypress_runner.js:149867:11)\n    at Object.throwErrByPath (http://localhost:43751/__cypress/runner/cypress_runner.js:149915:3)\n    at retry (http://localhost:43751/__cypress/runner/cypress_runner.js:144197:19)\n    at onFailFn (http://localhost:43751/__cypress/runner/cypress_runner.js:132448:16)\n    at tryCatcher (http://localhost:43751/__cypress/runner/cypress_runner.js:167415:23)\n    at Promise._settlePromiseFromHandler (http://localhost:43751/__cypress/runner/cypress_runner.js:165351:31)\n    at Promise._settlePromise (http://localhost:43751/__cypress/runner/cypress_runner.js:165408:18)\n    at Promise._settlePromise0 (http://localhost:43751/__cypress/runner/cypress_runner.js:165453:10)\n    at Promise._settlePromises (http://localhost:43751/__cypress/runner/cypress_runner.js:165528:18)\n    at Async../node_modules/bluebird/js/release/async.js.Async._drainQueue (http://localhost:43751/__cypress/runner/cypress_runner.js:162140:16)\n    at Async../node_modules/bluebird/js/release/async.js.Async._drainQueues (http://localhost:43751/__cypress/runner/cypress_runner.js:162150:10)\n    at Async.drainQueues (http://localhost:43751/__cypress/runner/cypress_runner.js:162024:14)",
                "diff": null
              },
              "uuid": "ee389ac9-dc50-40a1-849d-fa5f56dafad8",
              "parentUUID": "70732218-bca9-4f18-ae0b-12b9f99fad77",
              "isHook": false,
              "skipped": false
            },
            {
              "title": "Verifica se a cor de fundo de cada elemento da paleta é a cor que o elemento representa. **A única cor não permitida na paleta é a cor branca.**",
              "fullTitle": "2 - Adicione à página uma paleta de quatro cores distintas. Verifica se a cor de fundo de cada elemento da paleta é a cor que o elemento representa. **A única cor não permitida na paleta é a cor branca.**",
              "timedOut": null,
              "duration": 4627,
              "state": "failed",
              "speed": null,
              "pass": false,
              "fail": true,
              "pending": false,
              "context": null,
              "code": "cy.get('.color').each(function (color) {\n  cy.wrap(color).should('have.class', 'color').and('not.have.css', 'background-color', WHITE);\n  cy.wrap(color).should('have.css', 'background-color');\n});",
              "err": {
                "message": "CypressError: Timed out retrying: Expected to find element: '.color', but never found it.",
                "estack": "CypressError: Timed out retrying: Expected to find element: '.color', but never found it.\n    at cypressErr (http://localhost:43751/__cypress/runner/cypress_runner.js:149934:9)\n    at throwErr (http://localhost:43751/__cypress/runner/cypress_runner.js:149867:11)\n    at Object.throwErrByPath (http://localhost:43751/__cypress/runner/cypress_runner.js:149915:3)\n    at retry (http://localhost:43751/__cypress/runner/cypress_runner.js:144197:19)\n    at onFailFn (http://localhost:43751/__cypress/runner/cypress_runner.js:132448:16)\n    at tryCatcher (http://localhost:43751/__cypress/runner/cypress_runner.js:167415:23)\n    at Promise._settlePromiseFromHandler (http://localhost:43751/__cypress/runner/cypress_runner.js:165351:31)\n    at Promise._settlePromise (http://localhost:43751/__cypress/runner/cypress_runner.js:165408:18)\n    at Promise._settlePromise0 (http://localhost:43751/__cypress/runner/cypress_runner.js:165453:10)\n    at Promise._settlePromises (http://localhost:43751/__cypress/runner/cypress_runner.js:165528:18)\n    at Async../node_modules/bluebird/js/release/async.js.Async._drainQueue (http://localhost:43751/__cypress/runner/cypress_runner.js:162140:16)\n    at Async../node_modules/bluebird/js/release/async.js.Async._drainQueues (http://localhost:43751/__cypress/runner/cypress_runner.js:162150:10)\n    at Async.drainQueues (http://localhost:43751/__cypress/runner/cypress_runner.js:162024:14)",
                "diff": null
              },
              "uuid": "73d743f6-429e-45a8-8a21-b8f6032bbfd2",
              "parentUUID": "70732218-bca9-4f18-ae0b-12b9f99fad77",
              "isHook": false,
              "skipped": false
            },
            {
              "title": "Verifica se cada elemento da paleta de cores tem uma borda preta, sólida e com 1 pixel de largura;",
              "fullTitle": "2 - Adicione à página uma paleta de quatro cores distintas. Verifica se cada elemento da paleta de cores tem uma borda preta, sólida e com 1 pixel de largura;",
              "timedOut": null,
              "duration": 4585,
              "state": "failed",
              "speed": null,
              "pass": false,
              "fail": true,
              "pending": false,
              "context": null,
              "code": "cy.get('.color').each(function (color) {\n  cy.wrap(color).and('have.css', 'border', \"1px solid \".concat(BLACK)).and('have.class', 'color');\n});",
              "err": {
                "message": "CypressError: Timed out retrying: Expected to find element: '.color', but never found it.",
                "estack": "CypressError: Timed out retrying: Expected to find element: '.color', but never found it.\n    at cypressErr (http://localhost:43751/__cypress/runner/cypress_runner.js:149934:9)\n    at throwErr (http://localhost:43751/__cypress/runner/cypress_runner.js:149867:11)\n    at Object.throwErrByPath (http://localhost:43751/__cypress/runner/cypress_runner.js:149915:3)\n    at retry (http://localhost:43751/__cypress/runner/cypress_runner.js:144197:19)\n    at onFailFn (http://localhost:43751/__cypress/runner/cypress_runner.js:132448:16)\n    at tryCatcher (http://localhost:43751/__cypress/runner/cypress_runner.js:167415:23)\n    at Promise._settlePromiseFromHandler (http://localhost:43751/__cypress/runner/cypress_runner.js:165351:31)\n    at Promise._settlePromise (http://localhost:43751/__cypress/runner/cypress_runner.js:165408:18)\n    at Promise._settlePromise0 (http://localhost:43751/__cypress/runner/cypress_runner.js:165453:10)\n    at Promise._settlePromises (http://localhost:43751/__cypress/runner/cypress_runner.js:165528:18)\n    at Async../node_modules/bluebird/js/release/async.js.Async._drainQueue (http://localhost:43751/__cypress/runner/cypress_runner.js:162140:16)\n    at Async../node_modules/bluebird/js/release/async.js.Async._drainQueues (http://localhost:43751/__cypress/runner/cypress_runner.js:162150:10)\n    at Async.drainQueues (http://localhost:43751/__cypress/runner/cypress_runner.js:162024:14)",
                "diff": null
              },
              "uuid": "4b54df62-0d69-4b20-ba62-eb27cd81d5ee",
              "parentUUID": "70732218-bca9-4f18-ae0b-12b9f99fad77",
              "isHook": false,
              "skipped": false
            },
            {
              "title": "Verifica se a paleta lista todas as cores disponíveis para utilização, lado a lado.",
              "fullTitle": "2 - Adicione à página uma paleta de quatro cores distintas. Verifica se a paleta lista todas as cores disponíveis para utilização, lado a lado.",
              "timedOut": null,
              "duration": 4647,
              "state": "failed",
              "speed": null,
              "pass": false,
              "fail": true,
              "pending": false,
              "context": null,
              "code": "cy.get('.color').then(function (colors) {\n  for (var index = 1; index < colors.length; index += 1) {\n    var currentColor = colors[index];\n    var previousColor = colors[index - 1];\n    cy.wrap(currentColor).should('be.onTheRightOf', previousColor).and('be.horizontallyAlignedWith', previousColor);\n  }\n});",
              "err": {
                "message": "CypressError: Timed out retrying: Expected to find element: '.color', but never found it.",
                "estack": "CypressError: Timed out retrying: Expected to find element: '.color', but never found it.\n    at cypressErr (http://localhost:43751/__cypress/runner/cypress_runner.js:149934:9)\n    at throwErr (http://localhost:43751/__cypress/runner/cypress_runner.js:149867:11)\n    at Object.throwErrByPath (http://localhost:43751/__cypress/runner/cypress_runner.js:149915:3)\n    at retry (http://localhost:43751/__cypress/runner/cypress_runner.js:144197:19)\n    at onFailFn (http://localhost:43751/__cypress/runner/cypress_runner.js:132448:16)\n    at tryCatcher (http://localhost:43751/__cypress/runner/cypress_runner.js:167415:23)\n    at Promise._settlePromiseFromHandler (http://localhost:43751/__cypress/runner/cypress_runner.js:165351:31)\n    at Promise._settlePromise (http://localhost:43751/__cypress/runner/cypress_runner.js:165408:18)\n    at Promise._settlePromise0 (http://localhost:43751/__cypress/runner/cypress_runner.js:165453:10)\n    at Promise._settlePromises (http://localhost:43751/__cypress/runner/cypress_runner.js:165528:18)\n    at Async../node_modules/bluebird/js/release/async.js.Async._drainQueue (http://localhost:43751/__cypress/runner/cypress_runner.js:162140:16)\n    at Async../node_modules/bluebird/js/release/async.js.Async._drainQueues (http://localhost:43751/__cypress/runner/cypress_runner.js:162150:10)\n    at Async.drainQueues (http://localhost:43751/__cypress/runner/cypress_runner.js:162024:14)",
                "diff": null
              },
              "uuid": "9c73ac1d-f1d9-46b1-930a-227bd3c27d29",
              "parentUUID": "70732218-bca9-4f18-ae0b-12b9f99fad77",
              "isHook": false,
              "skipped": false
            },
            {
              "title": "Verifica se a paleta de cores está posicionada abaixo do título 'Paleta de Cores'",
              "fullTitle": "2 - Adicione à página uma paleta de quatro cores distintas. Verifica se a paleta de cores está posicionada abaixo do título 'Paleta de Cores'",
              "timedOut": null,
              "duration": 4520,
              "state": "failed",
              "speed": null,
              "pass": false,
              "fail": true,
              "pending": false,
              "context": null,
              "code": "cy.get('h1#title').then(function (title) {\n  cy.get('#color-palette').should('be.belowOf', title);\n});",
              "err": {
                "message": "CypressError: Timed out retrying: Expected to find element: '#color-palette', but never found it.",
                "estack": "CypressError: Timed out retrying: Expected to find element: '#color-palette', but never found it.\n    at cypressErr (http://localhost:43751/__cypress/runner/cypress_runner.js:149934:9)\n    at throwErr (http://localhost:43751/__cypress/runner/cypress_runner.js:149867:11)\n    at Object.throwErrByPath (http://localhost:43751/__cypress/runner/cypress_runner.js:149915:3)\n    at retry (http://localhost:43751/__cypress/runner/cypress_runner.js:144197:19)\n    at onFailFn (http://localhost:43751/__cypress/runner/cypress_runner.js:132448:16)\n    at tryCatcher (http://localhost:43751/__cypress/runner/cypress_runner.js:167415:23)\n    at Promise._settlePromiseFromHandler (http://localhost:43751/__cypress/runner/cypress_runner.js:165351:31)\n    at Promise._settlePromise (http://localhost:43751/__cypress/runner/cypress_runner.js:165408:18)\n    at Promise._settlePromise0 (http://localhost:43751/__cypress/runner/cypress_runner.js:165453:10)\n    at Promise._settlePromises (http://localhost:43751/__cypress/runner/cypress_runner.js:165528:18)\n    at Async../node_modules/bluebird/js/release/async.js.Async._drainQueue (http://localhost:43751/__cypress/runner/cypress_runner.js:162140:16)\n    at Async../node_modules/bluebird/js/release/async.js.Async._drainQueues (http://localhost:43751/__cypress/runner/cypress_runner.js:162150:10)\n    at Async.drainQueues (http://localhost:43751/__cypress/runner/cypress_runner.js:162024:14)",
                "diff": null
              },
              "uuid": "e59ca5d2-83d4-40ec-9572-dec82accc5f2",
              "parentUUID": "70732218-bca9-4f18-ae0b-12b9f99fad77",
              "isHook": false,
              "skipped": false
            },
            {
              "title": "Verifica se a paleta de cores não contém cores repetidas.",
              "fullTitle": "2 - Adicione à página uma paleta de quatro cores distintas. Verifica se a paleta de cores não contém cores repetidas.",
              "timedOut": null,
              "duration": 4813,
              "state": "failed",
              "speed": null,
              "pass": false,
              "fail": true,
              "pending": false,
              "context": null,
              "code": "cy.get('.color').then(function (colors) {\n  var allColors = Array.from(colors).map(function (color) {\n    return Cypress.$(color).css('background-color');\n  });\n  cy.log(allColors);\n  var uniqColors = (0, _toConsumableArray2[\"default\"])(new Set(allColors));\n  cy.log(uniqColors);\n  expect(allColors.length).to.eq(uniqColors.length);\n});",
              "err": {
                "message": "CypressError: Timed out retrying: Expected to find element: '.color', but never found it.",
                "estack": "CypressError: Timed out retrying: Expected to find element: '.color', but never found it.\n    at cypressErr (http://localhost:43751/__cypress/runner/cypress_runner.js:149934:9)\n    at throwErr (http://localhost:43751/__cypress/runner/cypress_runner.js:149867:11)\n    at Object.throwErrByPath (http://localhost:43751/__cypress/runner/cypress_runner.js:149915:3)\n    at retry (http://localhost:43751/__cypress/runner/cypress_runner.js:144197:19)\n    at onFailFn (http://localhost:43751/__cypress/runner/cypress_runner.js:132448:16)\n    at tryCatcher (http://localhost:43751/__cypress/runner/cypress_runner.js:167415:23)\n    at Promise._settlePromiseFromHandler (http://localhost:43751/__cypress/runner/cypress_runner.js:165351:31)\n    at Promise._settlePromise (http://localhost:43751/__cypress/runner/cypress_runner.js:165408:18)\n    at Promise._settlePromise0 (http://localhost:43751/__cypress/runner/cypress_runner.js:165453:10)\n    at Promise._settlePromises (http://localhost:43751/__cypress/runner/cypress_runner.js:165528:18)\n    at Async../node_modules/bluebird/js/release/async.js.Async._drainQueue (http://localhost:43751/__cypress/runner/cypress_runner.js:162140:16)\n    at Async../node_modules/bluebird/js/release/async.js.Async._drainQueues (http://localhost:43751/__cypress/runner/cypress_runner.js:162150:10)\n    at Async.drainQueues (http://localhost:43751/__cypress/runner/cypress_runner.js:162024:14)",
                "diff": null
              },
              "uuid": "7ebe7326-a3e8-49fb-96eb-1aa491659cd4",
              "parentUUID": "70732218-bca9-4f18-ae0b-12b9f99fad77",
              "isHook": false,
              "skipped": false
            }
          ],
          "suites": [],
          "passes": [],
          "failures": [
            "81e8b3e7-d115-4434-a5f2-e96a652c0cc0",
            "ee389ac9-dc50-40a1-849d-fa5f56dafad8",
            "73d743f6-429e-45a8-8a21-b8f6032bbfd2",
            "4b54df62-0d69-4b20-ba62-eb27cd81d5ee",
            "9c73ac1d-f1d9-46b1-930a-227bd3c27d29",
            "e59ca5d2-83d4-40ec-9572-dec82accc5f2",
            "7ebe7326-a3e8-49fb-96eb-1aa491659cd4"
          ],
          "pending": [],
          "skipped": [],
          "duration": 32632,
          "root": false,
          "rootEmpty": false,
          "_timeout": 2000
        },
        {
          "uuid": "18ce0812-870d-403c-b33c-3dcc886ba765",
          "title": "3 - Adicione a cor **preta** como a primeira cor da paleta de cores.",
          "fullFile": "",
          "file": "",
          "beforeHooks": [],
          "afterHooks": [],
          "tests": [
            {
              "title": "Verifica se a primeira cor da paleta é preta",
              "fullTitle": "3 - Adicione a cor **preta** como a primeira cor da paleta de cores. Verifica se a primeira cor da paleta é preta",
              "timedOut": null,
              "duration": 4774,
              "state": "failed",
              "speed": null,
              "pass": false,
              "fail": true,
              "pending": false,
              "context": null,
              "code": "cy.get('.color').first().should('have.css', 'background-color', BLACK);",
              "err": {
                "message": "CypressError: Timed out retrying: Expected to find element: '.color', but never found it.",
                "estack": "CypressError: Timed out retrying: Expected to find element: '.color', but never found it.\n    at cypressErr (http://localhost:43751/__cypress/runner/cypress_runner.js:149934:9)\n    at throwErr (http://localhost:43751/__cypress/runner/cypress_runner.js:149867:11)\n    at Object.throwErrByPath (http://localhost:43751/__cypress/runner/cypress_runner.js:149915:3)\n    at retry (http://localhost:43751/__cypress/runner/cypress_runner.js:144197:19)\n    at onFailFn (http://localhost:43751/__cypress/runner/cypress_runner.js:132448:16)\n    at tryCatcher (http://localhost:43751/__cypress/runner/cypress_runner.js:167415:23)\n    at Promise._settlePromiseFromHandler (http://localhost:43751/__cypress/runner/cypress_runner.js:165351:31)\n    at Promise._settlePromise (http://localhost:43751/__cypress/runner/cypress_runner.js:165408:18)\n    at Promise._settlePromise0 (http://localhost:43751/__cypress/runner/cypress_runner.js:165453:10)\n    at Promise._settlePromises (http://localhost:43751/__cypress/runner/cypress_runner.js:165528:18)\n    at Async../node_modules/bluebird/js/release/async.js.Async._drainQueue (http://localhost:43751/__cypress/runner/cypress_runner.js:162140:16)\n    at Async../node_modules/bluebird/js/release/async.js.Async._drainQueues (http://localhost:43751/__cypress/runner/cypress_runner.js:162150:10)\n    at Async.drainQueues (http://localhost:43751/__cypress/runner/cypress_runner.js:162024:14)",
                "diff": null
              },
              "uuid": "5dcb2990-e1a8-43fe-8780-a4e878264b26",
              "parentUUID": "18ce0812-870d-403c-b33c-3dcc886ba765",
              "isHook": false,
              "skipped": false
            },
            {
              "title": "Verifica se as demais cores podem ser escolhidas livremente.",
              "fullTitle": "3 - Adicione a cor **preta** como a primeira cor da paleta de cores. Verifica se as demais cores podem ser escolhidas livremente.",
              "timedOut": null,
              "duration": 4767,
              "state": "failed",
              "speed": null,
              "pass": false,
              "fail": true,
              "pending": false,
              "context": null,
              "code": "cy.get('.color').eq(1).should('not.have.css', 'background-color', BLACK);\ncy.get('.color').eq(1).should('not.have.css', 'background-color', WHITE);\ncy.get('.color').eq(1).should('not.have.css', 'background-color', 'rgba(0, 0, 0, 0)');\ncy.get('.color').eq(1).should('have.css', 'background-color');\ncy.get('.color').eq(2).should('not.have.css', 'background-color', BLACK);\ncy.get('.color').eq(2).should('not.have.css', 'background-color', WHITE);\ncy.get('.color').eq(2).should('not.have.css', 'background-color', 'rgba(0, 0, 0, 0)');\ncy.get('.color').eq(2).should('have.css', 'background-color');\ncy.get('.color').eq(3).should('not.have.css', 'background-color', BLACK);\ncy.get('.color').eq(3).should('not.have.css', 'background-color', WHITE);\ncy.get('.color').eq(3).should('not.have.css', 'background-color', 'rgba(0, 0, 0, 0)');\ncy.get('.color').eq(3).should('have.css', 'background-color');",
              "err": {
                "message": "CypressError: Timed out retrying: Expected to find element: '.color', but never found it.",
                "estack": "CypressError: Timed out retrying: Expected to find element: '.color', but never found it.\n    at cypressErr (http://localhost:43751/__cypress/runner/cypress_runner.js:149934:9)\n    at throwErr (http://localhost:43751/__cypress/runner/cypress_runner.js:149867:11)\n    at Object.throwErrByPath (http://localhost:43751/__cypress/runner/cypress_runner.js:149915:3)\n    at retry (http://localhost:43751/__cypress/runner/cypress_runner.js:144197:19)\n    at onFailFn (http://localhost:43751/__cypress/runner/cypress_runner.js:132448:16)\n    at tryCatcher (http://localhost:43751/__cypress/runner/cypress_runner.js:167415:23)\n    at Promise._settlePromiseFromHandler (http://localhost:43751/__cypress/runner/cypress_runner.js:165351:31)\n    at Promise._settlePromise (http://localhost:43751/__cypress/runner/cypress_runner.js:165408:18)\n    at Promise._settlePromise0 (http://localhost:43751/__cypress/runner/cypress_runner.js:165453:10)\n    at Promise._settlePromises (http://localhost:43751/__cypress/runner/cypress_runner.js:165528:18)\n    at Async../node_modules/bluebird/js/release/async.js.Async._drainQueue (http://localhost:43751/__cypress/runner/cypress_runner.js:162140:16)\n    at Async../node_modules/bluebird/js/release/async.js.Async._drainQueues (http://localhost:43751/__cypress/runner/cypress_runner.js:162150:10)\n    at Async.drainQueues (http://localhost:43751/__cypress/runner/cypress_runner.js:162024:14)",
                "diff": null
              },
              "uuid": "dffccfd6-06f5-46f3-8add-00cfc0d23423",
              "parentUUID": "18ce0812-870d-403c-b33c-3dcc886ba765",
              "isHook": false,
              "skipped": false
            }
          ],
          "suites": [],
          "passes": [],
          "failures": [
            "5dcb2990-e1a8-43fe-8780-a4e878264b26",
            "dffccfd6-06f5-46f3-8add-00cfc0d23423"
          ],
          "pending": [],
          "skipped": [],
          "duration": 9541,
          "root": false,
          "rootEmpty": false,
          "_timeout": 2000
        },
        {
          "uuid": "294ad292-df0e-4e40-9ee1-2afcb8122e26",
          "title": "4 - Adicione à página um quadro de pixels, com 25 pixels.",
          "fullFile": "",
          "file": "",
          "beforeHooks": [],
          "afterHooks": [],
          "tests": [
            {
              "title": "Verifica se o quadro de pixels possui o `id` denominado `pixel-board`",
              "fullTitle": "4 - Adicione à página um quadro de pixels, com 25 pixels. Verifica se o quadro de pixels possui o `id` denominado `pixel-board`",
              "timedOut": null,
              "duration": 4877,
              "state": "failed",
              "speed": null,
              "pass": false,
              "fail": true,
              "pending": false,
              "context": null,
              "code": "cy.get('#pixel-board').should('be.visible');",
              "err": {
                "message": "CypressError: Timed out retrying: Expected to find element: '#pixel-board', but never found it.",
                "estack": "CypressError: Timed out retrying: Expected to find element: '#pixel-board', but never found it.\n    at cypressErr (http://localhost:43751/__cypress/runner/cypress_runner.js:149934:9)\n    at throwErr (http://localhost:43751/__cypress/runner/cypress_runner.js:149867:11)\n    at Object.throwErrByPath (http://localhost:43751/__cypress/runner/cypress_runner.js:149915:3)\n    at retry (http://localhost:43751/__cypress/runner/cypress_runner.js:144197:19)\n    at onFailFn (http://localhost:43751/__cypress/runner/cypress_runner.js:132448:16)\n    at tryCatcher (http://localhost:43751/__cypress/runner/cypress_runner.js:167415:23)\n    at Promise._settlePromiseFromHandler (http://localhost:43751/__cypress/runner/cypress_runner.js:165351:31)\n    at Promise._settlePromise (http://localhost:43751/__cypress/runner/cypress_runner.js:165408:18)\n    at Promise._settlePromise0 (http://localhost:43751/__cypress/runner/cypress_runner.js:165453:10)\n    at Promise._settlePromises (http://localhost:43751/__cypress/runner/cypress_runner.js:165528:18)\n    at Async../node_modules/bluebird/js/release/async.js.Async._drainQueue (http://localhost:43751/__cypress/runner/cypress_runner.js:162140:16)\n    at Async../node_modules/bluebird/js/release/async.js.Async._drainQueues (http://localhost:43751/__cypress/runner/cypress_runner.js:162150:10)\n    at Async.drainQueues (http://localhost:43751/__cypress/runner/cypress_runner.js:162024:14)",
                "diff": null
              },
              "uuid": "f63fc3fb-e938-46b5-addb-085f60303970",
              "parentUUID": "294ad292-df0e-4e40-9ee1-2afcb8122e26",
              "isHook": false,
              "skipped": false
            },
            {
              "title": "Verifica se cada pixel individual dentro do quadro possui a `classe` denominada `pixel`.",
              "fullTitle": "4 - Adicione à página um quadro de pixels, com 25 pixels. Verifica se cada pixel individual dentro do quadro possui a `classe` denominada `pixel`.",
              "timedOut": null,
              "duration": 4628,
              "state": "failed",
              "speed": null,
              "pass": false,
              "fail": true,
              "pending": false,
              "context": null,
              "code": "cy.get('.pixel').should('have.length', 25);",
              "err": {
                "message": "CypressError: Timed out retrying: Expected to find element: '.pixel', but never found it.",
                "estack": "CypressError: Timed out retrying: Expected to find element: '.pixel', but never found it.\n    at cypressErr (http://localhost:43751/__cypress/runner/cypress_runner.js:149934:9)\n    at throwErr (http://localhost:43751/__cypress/runner/cypress_runner.js:149867:11)\n    at Object.throwErrByPath (http://localhost:43751/__cypress/runner/cypress_runner.js:149915:3)\n    at retry (http://localhost:43751/__cypress/runner/cypress_runner.js:144197:19)\n    at onFailFn (http://localhost:43751/__cypress/runner/cypress_runner.js:132448:16)\n    at tryCatcher (http://localhost:43751/__cypress/runner/cypress_runner.js:167415:23)\n    at Promise._settlePromiseFromHandler (http://localhost:43751/__cypress/runner/cypress_runner.js:165351:31)\n    at Promise._settlePromise (http://localhost:43751/__cypress/runner/cypress_runner.js:165408:18)\n    at Promise._settlePromise0 (http://localhost:43751/__cypress/runner/cypress_runner.js:165453:10)\n    at Promise._settlePromises (http://localhost:43751/__cypress/runner/cypress_runner.js:165528:18)\n    at Async../node_modules/bluebird/js/release/async.js.Async._drainQueue (http://localhost:43751/__cypress/runner/cypress_runner.js:162140:16)\n    at Async../node_modules/bluebird/js/release/async.js.Async._drainQueues (http://localhost:43751/__cypress/runner/cypress_runner.js:162150:10)\n    at Async.drainQueues (http://localhost:43751/__cypress/runner/cypress_runner.js:162024:14)",
                "diff": null
              },
              "uuid": "89a286e1-6e02-4a93-96c4-a991df3a1ecb",
              "parentUUID": "294ad292-df0e-4e40-9ee1-2afcb8122e26",
              "isHook": false,
              "skipped": false
            },
            {
              "title": "Verifica se a cor inicial dos pixels dentro do quadro, ao abrir a página, é branca.",
              "fullTitle": "4 - Adicione à página um quadro de pixels, com 25 pixels. Verifica se a cor inicial dos pixels dentro do quadro, ao abrir a página, é branca.",
              "timedOut": null,
              "duration": 4786,
              "state": "failed",
              "speed": null,
              "pass": false,
              "fail": true,
              "pending": false,
              "context": null,
              "code": "cy.get('.pixel').should('have.length', 25).each(function (pixel) {\n  expect(pixel).to.have.css('background-color', WHITE);\n});",
              "err": {
                "message": "CypressError: Timed out retrying: Expected to find element: '.pixel', but never found it.",
                "estack": "CypressError: Timed out retrying: Expected to find element: '.pixel', but never found it.\n    at cypressErr (http://localhost:43751/__cypress/runner/cypress_runner.js:149934:9)\n    at throwErr (http://localhost:43751/__cypress/runner/cypress_runner.js:149867:11)\n    at Object.throwErrByPath (http://localhost:43751/__cypress/runner/cypress_runner.js:149915:3)\n    at retry (http://localhost:43751/__cypress/runner/cypress_runner.js:144197:19)\n    at onFailFn (http://localhost:43751/__cypress/runner/cypress_runner.js:132448:16)\n    at tryCatcher (http://localhost:43751/__cypress/runner/cypress_runner.js:167415:23)\n    at Promise._settlePromiseFromHandler (http://localhost:43751/__cypress/runner/cypress_runner.js:165351:31)\n    at Promise._settlePromise (http://localhost:43751/__cypress/runner/cypress_runner.js:165408:18)\n    at Promise._settlePromise0 (http://localhost:43751/__cypress/runner/cypress_runner.js:165453:10)\n    at Promise._settlePromises (http://localhost:43751/__cypress/runner/cypress_runner.js:165528:18)\n    at Async../node_modules/bluebird/js/release/async.js.Async._drainQueue (http://localhost:43751/__cypress/runner/cypress_runner.js:162140:16)\n    at Async../node_modules/bluebird/js/release/async.js.Async._drainQueues (http://localhost:43751/__cypress/runner/cypress_runner.js:162150:10)\n    at Async.drainQueues (http://localhost:43751/__cypress/runner/cypress_runner.js:162024:14)",
                "diff": null
              },
              "uuid": "900ec203-3739-4c0b-bc32-8b88b19a77f4",
              "parentUUID": "294ad292-df0e-4e40-9ee1-2afcb8122e26",
              "isHook": false,
              "skipped": false
            },
            {
              "title": "Verifica se o quadro de pixels aparece abaixo da paleta de cores",
              "fullTitle": "4 - Adicione à página um quadro de pixels, com 25 pixels. Verifica se o quadro de pixels aparece abaixo da paleta de cores",
              "timedOut": null,
              "duration": 4658,
              "state": "failed",
              "speed": null,
              "pass": false,
              "fail": true,
              "pending": false,
              "context": null,
              "code": "cy.get('#color-palette').then(function (palette) {\n  cy.get('#pixel-board').should('be.belowOf', palette);\n});",
              "err": {
                "message": "CypressError: Timed out retrying: Expected to find element: '#color-palette', but never found it.",
                "estack": "CypressError: Timed out retrying: Expected to find element: '#color-palette', but never found it.\n    at cypressErr (http://localhost:43751/__cypress/runner/cypress_runner.js:149934:9)\n    at throwErr (http://localhost:43751/__cypress/runner/cypress_runner.js:149867:11)\n    at Object.throwErrByPath (http://localhost:43751/__cypress/runner/cypress_runner.js:149915:3)\n    at retry (http://localhost:43751/__cypress/runner/cypress_runner.js:144197:19)\n    at onFailFn (http://localhost:43751/__cypress/runner/cypress_runner.js:132448:16)\n    at tryCatcher (http://localhost:43751/__cypress/runner/cypress_runner.js:167415:23)\n    at Promise._settlePromiseFromHandler (http://localhost:43751/__cypress/runner/cypress_runner.js:165351:31)\n    at Promise._settlePromise (http://localhost:43751/__cypress/runner/cypress_runner.js:165408:18)\n    at Promise._settlePromise0 (http://localhost:43751/__cypress/runner/cypress_runner.js:165453:10)\n    at Promise._settlePromises (http://localhost:43751/__cypress/runner/cypress_runner.js:165528:18)\n    at Async../node_modules/bluebird/js/release/async.js.Async._drainQueue (http://localhost:43751/__cypress/runner/cypress_runner.js:162140:16)\n    at Async../node_modules/bluebird/js/release/async.js.Async._drainQueues (http://localhost:43751/__cypress/runner/cypress_runner.js:162150:10)\n    at Async.drainQueues (http://localhost:43751/__cypress/runner/cypress_runner.js:162024:14)",
                "diff": null
              },
              "uuid": "53bf7c6a-2d20-4b4d-b3b9-addb5d846669",
              "parentUUID": "294ad292-df0e-4e40-9ee1-2afcb8122e26",
              "isHook": false,
              "skipped": false
            }
          ],
          "suites": [],
          "passes": [],
          "failures": [
            "f63fc3fb-e938-46b5-addb-085f60303970",
            "89a286e1-6e02-4a93-96c4-a991df3a1ecb",
            "900ec203-3739-4c0b-bc32-8b88b19a77f4",
            "53bf7c6a-2d20-4b4d-b3b9-addb5d846669"
          ],
          "pending": [],
          "skipped": [],
          "duration": 18949,
          "root": false,
          "rootEmpty": false,
          "_timeout": 2000
        },
        {
          "uuid": "bdc87397-0286-446d-910a-2a507efe09dc",
          "title": "5 - Faça com que cada elemento do quadro de pixels possua 40 pixels de largura, 40 pixels de altura e seja delimitado por uma borda preta de 1 pixel.",
          "fullFile": "",
          "file": "",
          "beforeHooks": [],
          "afterHooks": [],
          "tests": [
            {
              "title": "Verifica se o quadro de pixels tem altura e comprimento de 5 elementos",
              "fullTitle": "5 - Faça com que cada elemento do quadro de pixels possua 40 pixels de largura, 40 pixels de altura e seja delimitado por uma borda preta de 1 pixel. Verifica se o quadro de pixels tem altura e comprimento de 5 elementos",
              "timedOut": null,
              "duration": 4659,
              "state": "failed",
              "speed": null,
              "pass": false,
              "fail": true,
              "pending": false,
              "context": null,
              "code": "cy.get('.pixel').should('have.length', 25).each(function (pixel) {\n  expect(pixel).to.have.css('background-color', WHITE);\n}).and(function (pixels) {\n  var rows = chunk(pixels, 5);\n  rows.forEach(function (row) {\n    for (var index = 1; index < row.length; index += 1) {\n      var current = pixels[index];\n      var previous = pixels[index - 1];\n      cy.wrap(current).should('be.onTheRightOf', previous).and('be.horizontallyAlignedWith', previous);\n    }\n  });\n  for (var index = 1; index < 5; index += 1) {\n    expect(pixels[index * 5]).to.be.belowOf(pixels[(index - 1) * 5]);\n  }\n});",
              "err": {
                "message": "CypressError: Timed out retrying: Expected to find element: '.pixel', but never found it.",
                "estack": "CypressError: Timed out retrying: Expected to find element: '.pixel', but never found it.\n    at cypressErr (http://localhost:43751/__cypress/runner/cypress_runner.js:149934:9)\n    at throwErr (http://localhost:43751/__cypress/runner/cypress_runner.js:149867:11)\n    at Object.throwErrByPath (http://localhost:43751/__cypress/runner/cypress_runner.js:149915:3)\n    at retry (http://localhost:43751/__cypress/runner/cypress_runner.js:144197:19)\n    at onFailFn (http://localhost:43751/__cypress/runner/cypress_runner.js:132448:16)\n    at tryCatcher (http://localhost:43751/__cypress/runner/cypress_runner.js:167415:23)\n    at Promise._settlePromiseFromHandler (http://localhost:43751/__cypress/runner/cypress_runner.js:165351:31)\n    at Promise._settlePromise (http://localhost:43751/__cypress/runner/cypress_runner.js:165408:18)\n    at Promise._settlePromise0 (http://localhost:43751/__cypress/runner/cypress_runner.js:165453:10)\n    at Promise._settlePromises (http://localhost:43751/__cypress/runner/cypress_runner.js:165528:18)\n    at Async../node_modules/bluebird/js/release/async.js.Async._drainQueue (http://localhost:43751/__cypress/runner/cypress_runner.js:162140:16)\n    at Async../node_modules/bluebird/js/release/async.js.Async._drainQueues (http://localhost:43751/__cypress/runner/cypress_runner.js:162150:10)\n    at Async.drainQueues (http://localhost:43751/__cypress/runner/cypress_runner.js:162024:14)",
                "diff": null
              },
              "uuid": "d390691c-e794-4a20-9417-b06021bcca1c",
              "parentUUID": "bdc87397-0286-446d-910a-2a507efe09dc",
              "isHook": false,
              "skipped": false
            },
            {
              "title": "Verifica se 40 pixels é o tamanho total do elemento, incluindo seu conteúdo e excluindo a borda preta, que deve ser criada à parte.",
              "fullTitle": "5 - Faça com que cada elemento do quadro de pixels possua 40 pixels de largura, 40 pixels de altura e seja delimitado por uma borda preta de 1 pixel. Verifica se 40 pixels é o tamanho total do elemento, incluindo seu conteúdo e excluindo a borda preta, que deve ser criada à parte.",
              "timedOut": null,
              "duration": 4735,
              "state": "failed",
              "speed": null,
              "pass": false,
              "fail": true,
              "pending": false,
              "context": null,
              "code": "cy.get('.pixel').each(function (pixel) {\n  cy.wrap(pixel).should('have.css', 'height', '40px').and('have.css', 'width', '40px').and('have.css', 'border', \"1px solid \".concat(BLACK));\n});",
              "err": {
                "message": "CypressError: Timed out retrying: Expected to find element: '.pixel', but never found it.",
                "estack": "CypressError: Timed out retrying: Expected to find element: '.pixel', but never found it.\n    at cypressErr (http://localhost:43751/__cypress/runner/cypress_runner.js:149934:9)\n    at throwErr (http://localhost:43751/__cypress/runner/cypress_runner.js:149867:11)\n    at Object.throwErrByPath (http://localhost:43751/__cypress/runner/cypress_runner.js:149915:3)\n    at retry (http://localhost:43751/__cypress/runner/cypress_runner.js:144197:19)\n    at onFailFn (http://localhost:43751/__cypress/runner/cypress_runner.js:132448:16)\n    at tryCatcher (http://localhost:43751/__cypress/runner/cypress_runner.js:167415:23)\n    at Promise._settlePromiseFromHandler (http://localhost:43751/__cypress/runner/cypress_runner.js:165351:31)\n    at Promise._settlePromise (http://localhost:43751/__cypress/runner/cypress_runner.js:165408:18)\n    at Promise._settlePromise0 (http://localhost:43751/__cypress/runner/cypress_runner.js:165453:10)\n    at Promise._settlePromises (http://localhost:43751/__cypress/runner/cypress_runner.js:165528:18)\n    at Async../node_modules/bluebird/js/release/async.js.Async._drainQueue (http://localhost:43751/__cypress/runner/cypress_runner.js:162140:16)\n    at Async../node_modules/bluebird/js/release/async.js.Async._drainQueues (http://localhost:43751/__cypress/runner/cypress_runner.js:162150:10)\n    at Async.drainQueues (http://localhost:43751/__cypress/runner/cypress_runner.js:162024:14)",
                "diff": null
              },
              "uuid": "86cba672-9e6b-41b1-9b26-d7199c73e0ae",
              "parentUUID": "bdc87397-0286-446d-910a-2a507efe09dc",
              "isHook": false,
              "skipped": false
            }
          ],
          "suites": [],
          "passes": [],
          "failures": [
            "d390691c-e794-4a20-9417-b06021bcca1c",
            "86cba672-9e6b-41b1-9b26-d7199c73e0ae"
          ],
          "pending": [],
          "skipped": [],
          "duration": 9394,
          "root": false,
          "rootEmpty": false,
          "_timeout": 2000
        },
        {
          "uuid": "7e7777fe-709c-42e7-b316-74314f2ecb78",
          "title": "6 - Defina a cor preta como cor inicial. Ao carregar a página a cor preta já deve estar selecionada para pintar os pixels",
          "fullFile": "",
          "file": "",
          "beforeHooks": [],
          "afterHooks": [],
          "tests": [
            {
              "title": "Verifica se o elemento da cor preta possui, inicialmente, a `classe` `selected`",
              "fullTitle": "6 - Defina a cor preta como cor inicial. Ao carregar a página a cor preta já deve estar selecionada para pintar os pixels Verifica se o elemento da cor preta possui, inicialmente, a `classe` `selected`",
              "timedOut": null,
              "duration": 4926,
              "state": "failed",
              "speed": null,
              "pass": false,
              "fail": true,
              "pending": false,
              "context": null,
              "code": "cy.get('.selected').first().should('have.css', 'background-color', BLACK);",
              "err": {
                "message": "CypressError: Timed out retrying: Expected to find element: '.selected', but never found it.",
                "estack": "CypressError: Timed out retrying: Expected to find element: '.selected', but never found it.\n    at cypressErr (http://localhost:43751/__cypress/runner/cypress_runner.js:149934:9)\n    at throwErr (http://localhost:43751/__cypress/runner/cypress_runner.js:149867:11)\n    at Object.throwErrByPath (http://localhost:43751/__cypress/runner/cypress_runner.js:149915:3)\n    at retry (http://localhost:43751/__cypress/runner/cypress_runner.js:144197:19)\n    at onFailFn (http://localhost:43751/__cypress/runner/cypress_runner.js:132448:16)\n    at tryCatcher (http://localhost:43751/__cypress/runner/cypress_runner.js:167415:23)\n    at Promise._settlePromiseFromHandler (http://localhost:43751/__cypress/runner/cypress_runner.js:165351:31)\n    at Promise._settlePromise (http://localhost:43751/__cypress/runner/cypress_runner.js:165408:18)\n    at Promise._settlePromise0 (http://localhost:43751/__cypress/runner/cypress_runner.js:165453:10)\n    at Promise._settlePromises (http://localhost:43751/__cypress/runner/cypress_runner.js:165528:18)\n    at Async../node_modules/bluebird/js/release/async.js.Async._drainQueue (http://localhost:43751/__cypress/runner/cypress_runner.js:162140:16)\n    at Async../node_modules/bluebird/js/release/async.js.Async._drainQueues (http://localhost:43751/__cypress/runner/cypress_runner.js:162150:10)\n    at Async.drainQueues (http://localhost:43751/__cypress/runner/cypress_runner.js:162024:14)",
                "diff": null
              },
              "uuid": "a87d7adf-0b9e-4dc2-b469-2957e9da05cf",
              "parentUUID": "7e7777fe-709c-42e7-b316-74314f2ecb78",
              "isHook": false,
              "skipped": false
            },
            {
              "title": "Verifica se nenhuma outra cor da paleta tem a `classe` `selected`",
              "fullTitle": "6 - Defina a cor preta como cor inicial. Ao carregar a página a cor preta já deve estar selecionada para pintar os pixels Verifica se nenhuma outra cor da paleta tem a `classe` `selected`",
              "timedOut": null,
              "duration": 4659,
              "state": "failed",
              "speed": null,
              "pass": false,
              "fail": true,
              "pending": false,
              "context": null,
              "code": "cy.get('.color:not(:first-child)').each(function (color) {\n  cy.wrap(color).should('not.have.class', 'selected');\n});",
              "err": {
                "message": "CypressError: Timed out retrying: Expected to find element: '.color:not(:first-child)', but never found it.",
                "estack": "CypressError: Timed out retrying: Expected to find element: '.color:not(:first-child)', but never found it.\n    at cypressErr (http://localhost:43751/__cypress/runner/cypress_runner.js:149934:9)\n    at throwErr (http://localhost:43751/__cypress/runner/cypress_runner.js:149867:11)\n    at Object.throwErrByPath (http://localhost:43751/__cypress/runner/cypress_runner.js:149915:3)\n    at retry (http://localhost:43751/__cypress/runner/cypress_runner.js:144197:19)\n    at onFailFn (http://localhost:43751/__cypress/runner/cypress_runner.js:132448:16)\n    at tryCatcher (http://localhost:43751/__cypress/runner/cypress_runner.js:167415:23)\n    at Promise._settlePromiseFromHandler (http://localhost:43751/__cypress/runner/cypress_runner.js:165351:31)\n    at Promise._settlePromise (http://localhost:43751/__cypress/runner/cypress_runner.js:165408:18)\n    at Promise._settlePromise0 (http://localhost:43751/__cypress/runner/cypress_runner.js:165453:10)\n    at Promise._settlePromises (http://localhost:43751/__cypress/runner/cypress_runner.js:165528:18)\n    at Async../node_modules/bluebird/js/release/async.js.Async._drainQueue (http://localhost:43751/__cypress/runner/cypress_runner.js:162140:16)\n    at Async../node_modules/bluebird/js/release/async.js.Async._drainQueues (http://localhost:43751/__cypress/runner/cypress_runner.js:162150:10)\n    at Async.drainQueues (http://localhost:43751/__cypress/runner/cypress_runner.js:162024:14)",
                "diff": null
              },
              "uuid": "89417fdf-85be-4f55-a430-2bda0982960a",
              "parentUUID": "7e7777fe-709c-42e7-b316-74314f2ecb78",
              "isHook": false,
              "skipped": false
            }
          ],
          "suites": [],
          "passes": [],
          "failures": [
            "a87d7adf-0b9e-4dc2-b469-2957e9da05cf",
            "89417fdf-85be-4f55-a430-2bda0982960a"
          ],
          "pending": [],
          "skipped": [],
          "duration": 9585,
          "root": false,
          "rootEmpty": false,
          "_timeout": 2000
        },
        {
          "uuid": "921cd145-acf9-40ad-9c00-ecf53673b618",
          "title": "7 - Clicar em uma das cores da paleta, faz com que ela seja selecionada e utilizada para preencher os pixels no quadro.",
          "fullFile": "",
          "file": "",
          "beforeHooks": [],
          "afterHooks": [],
          "tests": [
            {
              "title": "Verifica se somente uma cor da paleta de cores tem a classe `selected` de cada vez",
              "fullTitle": "7 - Clicar em uma das cores da paleta, faz com que ela seja selecionada e utilizada para preencher os pixels no quadro. Verifica se somente uma cor da paleta de cores tem a classe `selected` de cada vez",
              "timedOut": null,
              "duration": 4603,
              "state": "failed",
              "speed": null,
              "pass": false,
              "fail": true,
              "pending": false,
              "context": null,
              "code": "cy.get('.color').each(function (selectedColor, selectedColorIndex) {\n  cy.wrap(selectedColor).click();\n  cy.get('.color').each(function (color, colorIndex) {\n    if (colorIndex === selectedColorIndex) {\n      expect(color).to.have[\"class\"]('selected');\n    } else {\n      expect(color).not.to.have[\"class\"]('selected');\n    }\n  });\n});",
              "err": {
                "message": "CypressError: Timed out retrying: Expected to find element: '.color', but never found it.",
                "estack": "CypressError: Timed out retrying: Expected to find element: '.color', but never found it.\n    at cypressErr (http://localhost:43751/__cypress/runner/cypress_runner.js:149934:9)\n    at throwErr (http://localhost:43751/__cypress/runner/cypress_runner.js:149867:11)\n    at Object.throwErrByPath (http://localhost:43751/__cypress/runner/cypress_runner.js:149915:3)\n    at retry (http://localhost:43751/__cypress/runner/cypress_runner.js:144197:19)\n    at onFailFn (http://localhost:43751/__cypress/runner/cypress_runner.js:132448:16)\n    at tryCatcher (http://localhost:43751/__cypress/runner/cypress_runner.js:167415:23)\n    at Promise._settlePromiseFromHandler (http://localhost:43751/__cypress/runner/cypress_runner.js:165351:31)\n    at Promise._settlePromise (http://localhost:43751/__cypress/runner/cypress_runner.js:165408:18)\n    at Promise._settlePromise0 (http://localhost:43751/__cypress/runner/cypress_runner.js:165453:10)\n    at Promise._settlePromises (http://localhost:43751/__cypress/runner/cypress_runner.js:165528:18)\n    at Async../node_modules/bluebird/js/release/async.js.Async._drainQueue (http://localhost:43751/__cypress/runner/cypress_runner.js:162140:16)\n    at Async../node_modules/bluebird/js/release/async.js.Async._drainQueues (http://localhost:43751/__cypress/runner/cypress_runner.js:162150:10)\n    at Async.drainQueues (http://localhost:43751/__cypress/runner/cypress_runner.js:162024:14)",
                "diff": null
              },
              "uuid": "00131e25-221c-4a06-8d7b-424c9f4ef663",
              "parentUUID": "921cd145-acf9-40ad-9c00-ecf53673b618",
              "isHook": false,
              "skipped": false
            },
            {
              "title": "Verifica se os pixels dentro do quadro não têm a classe `selected` quando são clicados",
              "fullTitle": "7 - Clicar em uma das cores da paleta, faz com que ela seja selecionada e utilizada para preencher os pixels no quadro. Verifica se os pixels dentro do quadro não têm a classe `selected` quando são clicados",
              "timedOut": null,
              "duration": 4947,
              "state": "failed",
              "speed": null,
              "pass": false,
              "fail": true,
              "pending": false,
              "context": null,
              "code": "cy.get('.color').each(function (color) {\n  var backgroundColor = color.css('background-color');\n  cy.wrap(color).click();\n  cy.get('.pixel').each(function (pixel) {\n    cy.wrap(pixel).click().should('not.have.class', 'selected');\n  });\n});",
              "err": {
                "message": "CypressError: Timed out retrying: Expected to find element: '.color', but never found it.",
                "estack": "CypressError: Timed out retrying: Expected to find element: '.color', but never found it.\n    at cypressErr (http://localhost:43751/__cypress/runner/cypress_runner.js:149934:9)\n    at throwErr (http://localhost:43751/__cypress/runner/cypress_runner.js:149867:11)\n    at Object.throwErrByPath (http://localhost:43751/__cypress/runner/cypress_runner.js:149915:3)\n    at retry (http://localhost:43751/__cypress/runner/cypress_runner.js:144197:19)\n    at onFailFn (http://localhost:43751/__cypress/runner/cypress_runner.js:132448:16)\n    at tryCatcher (http://localhost:43751/__cypress/runner/cypress_runner.js:167415:23)\n    at Promise._settlePromiseFromHandler (http://localhost:43751/__cypress/runner/cypress_runner.js:165351:31)\n    at Promise._settlePromise (http://localhost:43751/__cypress/runner/cypress_runner.js:165408:18)\n    at Promise._settlePromise0 (http://localhost:43751/__cypress/runner/cypress_runner.js:165453:10)\n    at Promise._settlePromises (http://localhost:43751/__cypress/runner/cypress_runner.js:165528:18)\n    at Async../node_modules/bluebird/js/release/async.js.Async._drainQueue (http://localhost:43751/__cypress/runner/cypress_runner.js:162140:16)\n    at Async../node_modules/bluebird/js/release/async.js.Async._drainQueues (http://localhost:43751/__cypress/runner/cypress_runner.js:162150:10)\n    at Async.drainQueues (http://localhost:43751/__cypress/runner/cypress_runner.js:162024:14)",
                "diff": null
              },
              "uuid": "fe009d00-a792-40e0-bce9-0f315f65f084",
              "parentUUID": "921cd145-acf9-40ad-9c00-ecf53673b618",
              "isHook": false,
              "skipped": false
            }
          ],
          "suites": [],
          "passes": [],
          "failures": [
            "00131e25-221c-4a06-8d7b-424c9f4ef663",
            "fe009d00-a792-40e0-bce9-0f315f65f084"
          ],
          "pending": [],
          "skipped": [],
          "duration": 9550,
          "root": false,
          "rootEmpty": false,
          "_timeout": 2000
        },
        {
          "uuid": "e6110887-c446-426e-b1bf-c6df4d6572c9",
          "title": "8 - Clicar em um pixel dentro do quadro após selecionar uma cor na paleta, faz com que o pixel seja preenchido com a cor selecionada.",
          "fullFile": "",
          "file": "",
          "beforeHooks": [],
          "afterHooks": [],
          "tests": [
            {
              "title": "Verifica se ao carregar a página deve ser possível pintar os pixels de preto",
              "fullTitle": "8 - Clicar em um pixel dentro do quadro após selecionar uma cor na paleta, faz com que o pixel seja preenchido com a cor selecionada. Verifica se ao carregar a página deve ser possível pintar os pixels de preto",
              "timedOut": null,
              "duration": 5021,
              "state": "failed",
              "speed": null,
              "pass": false,
              "fail": true,
              "pending": false,
              "context": null,
              "code": "cy.get('.pixel').each(function (pixel) {\n  cy.wrap(pixel).click().should('have.css', 'background-color', BLACK);\n});",
              "err": {
                "message": "CypressError: Timed out retrying: Expected to find element: '.pixel', but never found it.",
                "estack": "CypressError: Timed out retrying: Expected to find element: '.pixel', but never found it.\n    at cypressErr (http://localhost:43751/__cypress/runner/cypress_runner.js:149934:9)\n    at throwErr (http://localhost:43751/__cypress/runner/cypress_runner.js:149867:11)\n    at Object.throwErrByPath (http://localhost:43751/__cypress/runner/cypress_runner.js:149915:3)\n    at retry (http://localhost:43751/__cypress/runner/cypress_runner.js:144197:19)\n    at onFailFn (http://localhost:43751/__cypress/runner/cypress_runner.js:132448:16)\n    at tryCatcher (http://localhost:43751/__cypress/runner/cypress_runner.js:167415:23)\n    at Promise._settlePromiseFromHandler (http://localhost:43751/__cypress/runner/cypress_runner.js:165351:31)\n    at Promise._settlePromise (http://localhost:43751/__cypress/runner/cypress_runner.js:165408:18)\n    at Promise._settlePromise0 (http://localhost:43751/__cypress/runner/cypress_runner.js:165453:10)\n    at Promise._settlePromises (http://localhost:43751/__cypress/runner/cypress_runner.js:165528:18)\n    at Async../node_modules/bluebird/js/release/async.js.Async._drainQueue (http://localhost:43751/__cypress/runner/cypress_runner.js:162140:16)\n    at Async../node_modules/bluebird/js/release/async.js.Async._drainQueues (http://localhost:43751/__cypress/runner/cypress_runner.js:162150:10)\n    at Async.drainQueues (http://localhost:43751/__cypress/runner/cypress_runner.js:162024:14)",
                "diff": null
              },
              "uuid": "0dbd3be3-057f-428a-9fc8-297a5e158ae3",
              "parentUUID": "e6110887-c446-426e-b1bf-c6df4d6572c9",
              "isHook": false,
              "skipped": false
            },
            {
              "title": "Verifica se após selecionar uma outra cor na paleta, é possível pintar os pixels com essa cor",
              "fullTitle": "8 - Clicar em um pixel dentro do quadro após selecionar uma cor na paleta, faz com que o pixel seja preenchido com a cor selecionada. Verifica se após selecionar uma outra cor na paleta, é possível pintar os pixels com essa cor",
              "timedOut": null,
              "duration": 4698,
              "state": "failed",
              "speed": null,
              "pass": false,
              "fail": true,
              "pending": false,
              "context": null,
              "code": "cy.get('.color').each(function (color) {\n  var backgroundColor = color.css('background-color');\n  cy.wrap(color).click();\n  cy.get('.pixel').each(function (pixel) {\n    cy.wrap(pixel).click().should('have.css', 'background-color', backgroundColor);\n  });\n});",
              "err": {
                "message": "CypressError: Timed out retrying: Expected to find element: '.color', but never found it.",
                "estack": "CypressError: Timed out retrying: Expected to find element: '.color', but never found it.\n    at cypressErr (http://localhost:43751/__cypress/runner/cypress_runner.js:149934:9)\n    at throwErr (http://localhost:43751/__cypress/runner/cypress_runner.js:149867:11)\n    at Object.throwErrByPath (http://localhost:43751/__cypress/runner/cypress_runner.js:149915:3)\n    at retry (http://localhost:43751/__cypress/runner/cypress_runner.js:144197:19)\n    at onFailFn (http://localhost:43751/__cypress/runner/cypress_runner.js:132448:16)\n    at tryCatcher (http://localhost:43751/__cypress/runner/cypress_runner.js:167415:23)\n    at Promise._settlePromiseFromHandler (http://localhost:43751/__cypress/runner/cypress_runner.js:165351:31)\n    at Promise._settlePromise (http://localhost:43751/__cypress/runner/cypress_runner.js:165408:18)\n    at Promise._settlePromise0 (http://localhost:43751/__cypress/runner/cypress_runner.js:165453:10)\n    at Promise._settlePromises (http://localhost:43751/__cypress/runner/cypress_runner.js:165528:18)\n    at Async../node_modules/bluebird/js/release/async.js.Async._drainQueue (http://localhost:43751/__cypress/runner/cypress_runner.js:162140:16)\n    at Async../node_modules/bluebird/js/release/async.js.Async._drainQueues (http://localhost:43751/__cypress/runner/cypress_runner.js:162150:10)\n    at Async.drainQueues (http://localhost:43751/__cypress/runner/cypress_runner.js:162024:14)",
                "diff": null
              },
              "uuid": "31c03b2a-3508-401c-923a-d033838f4f8b",
              "parentUUID": "e6110887-c446-426e-b1bf-c6df4d6572c9",
              "isHook": false,
              "skipped": false
            },
            {
              "title": "Verifica se somente o pixel que foi clicado foi preenchido com a cor selecionada, sem influenciar na cor dos demais pixels.",
              "fullTitle": "8 - Clicar em um pixel dentro do quadro após selecionar uma cor na paleta, faz com que o pixel seja preenchido com a cor selecionada. Verifica se somente o pixel que foi clicado foi preenchido com a cor selecionada, sem influenciar na cor dos demais pixels.",
              "timedOut": null,
              "duration": 4655,
              "state": "failed",
              "speed": null,
              "pass": false,
              "fail": true,
              "pending": false,
              "context": null,
              "code": "var colorToPixelIndexMap = {\n  0: 6,\n  1: 8,\n  2: 16,\n  3: 18\n};\ncy.get('.color').each(function (color, index) {\n  cy.wrap(color).click();\n  var backgroundColor = color.css('background-color');\n  var clickedPixelIndex = colorToPixelIndexMap[index];\n  cy.get('.pixel').eq(clickedPixelIndex).click();\n  cy.get('.pixel').eq(clickedPixelIndex - 1).should('not.have.css', 'background-color', backgroundColor);\n  cy.get('.pixel').eq(clickedPixelIndex + 1).should('not.have.css', 'background-color', backgroundColor);\n  cy.get('.pixel').eq(clickedPixelIndex - 5).should('not.have.css', 'background-color', backgroundColor);\n  cy.get('.pixel').eq(clickedPixelIndex + 5).should('not.have.css', 'background-color', backgroundColor);\n  cy.get('.pixel').eq(clickedPixelIndex - 6).should('not.have.css', 'background-color', backgroundColor);\n  cy.get('.pixel').eq(clickedPixelIndex - 4).should('not.have.css', 'background-color', backgroundColor);\n  cy.get('.pixel').eq(clickedPixelIndex + 4).should('not.have.css', 'background-color', backgroundColor);\n  cy.get('.pixel').eq(clickedPixelIndex + 6).should('not.have.css', 'background-color', backgroundColor);\n});",
              "err": {
                "message": "CypressError: Timed out retrying: Expected to find element: '.color', but never found it.",
                "estack": "CypressError: Timed out retrying: Expected to find element: '.color', but never found it.\n    at cypressErr (http://localhost:43751/__cypress/runner/cypress_runner.js:149934:9)\n    at throwErr (http://localhost:43751/__cypress/runner/cypress_runner.js:149867:11)\n    at Object.throwErrByPath (http://localhost:43751/__cypress/runner/cypress_runner.js:149915:3)\n    at retry (http://localhost:43751/__cypress/runner/cypress_runner.js:144197:19)\n    at onFailFn (http://localhost:43751/__cypress/runner/cypress_runner.js:132448:16)\n    at tryCatcher (http://localhost:43751/__cypress/runner/cypress_runner.js:167415:23)\n    at Promise._settlePromiseFromHandler (http://localhost:43751/__cypress/runner/cypress_runner.js:165351:31)\n    at Promise._settlePromise (http://localhost:43751/__cypress/runner/cypress_runner.js:165408:18)\n    at Promise._settlePromise0 (http://localhost:43751/__cypress/runner/cypress_runner.js:165453:10)\n    at Promise._settlePromises (http://localhost:43751/__cypress/runner/cypress_runner.js:165528:18)\n    at Async../node_modules/bluebird/js/release/async.js.Async._drainQueue (http://localhost:43751/__cypress/runner/cypress_runner.js:162140:16)\n    at Async../node_modules/bluebird/js/release/async.js.Async._drainQueues (http://localhost:43751/__cypress/runner/cypress_runner.js:162150:10)\n    at Async.drainQueues (http://localhost:43751/__cypress/runner/cypress_runner.js:162024:14)",
                "diff": null
              },
              "uuid": "22f363fe-8710-4790-8058-bf5d25a8246b",
              "parentUUID": "e6110887-c446-426e-b1bf-c6df4d6572c9",
              "isHook": false,
              "skipped": false
            }
          ],
          "suites": [],
          "passes": [],
          "failures": [
            "0dbd3be3-057f-428a-9fc8-297a5e158ae3",
            "31c03b2a-3508-401c-923a-d033838f4f8b",
            "22f363fe-8710-4790-8058-bf5d25a8246b"
          ],
          "pending": [],
          "skipped": [],
          "duration": 14374,
          "root": false,
          "rootEmpty": false,
          "_timeout": 2000
        },
        {
          "uuid": "92a75963-bb15-46ce-88e4-540f2d47581c",
          "title": "9 - Crie um botão que, ao ser clicado, limpa o quadro preenchendo a cor de todos seus pixels com branco.",
          "fullFile": "",
          "file": "",
          "beforeHooks": [],
          "afterHooks": [],
          "tests": [
            {
              "title": "Verifica se o botão tem o `id` denominado `clear-board`",
              "fullTitle": "9 - Crie um botão que, ao ser clicado, limpa o quadro preenchendo a cor de todos seus pixels com branco. Verifica se o botão tem o `id` denominado `clear-board`",
              "timedOut": null,
              "duration": 4600,
              "state": "failed",
              "speed": null,
              "pass": false,
              "fail": true,
              "pending": false,
              "context": null,
              "code": "cy.get('#clear-board').should('be.visible');",
              "err": {
                "message": "CypressError: Timed out retrying: Expected to find element: '#clear-board', but never found it.",
                "estack": "CypressError: Timed out retrying: Expected to find element: '#clear-board', but never found it.\n    at cypressErr (http://localhost:43751/__cypress/runner/cypress_runner.js:149934:9)\n    at throwErr (http://localhost:43751/__cypress/runner/cypress_runner.js:149867:11)\n    at Object.throwErrByPath (http://localhost:43751/__cypress/runner/cypress_runner.js:149915:3)\n    at retry (http://localhost:43751/__cypress/runner/cypress_runner.js:144197:19)\n    at onFailFn (http://localhost:43751/__cypress/runner/cypress_runner.js:132448:16)\n    at tryCatcher (http://localhost:43751/__cypress/runner/cypress_runner.js:167415:23)\n    at Promise._settlePromiseFromHandler (http://localhost:43751/__cypress/runner/cypress_runner.js:165351:31)\n    at Promise._settlePromise (http://localhost:43751/__cypress/runner/cypress_runner.js:165408:18)\n    at Promise._settlePromise0 (http://localhost:43751/__cypress/runner/cypress_runner.js:165453:10)\n    at Promise._settlePromises (http://localhost:43751/__cypress/runner/cypress_runner.js:165528:18)\n    at Async../node_modules/bluebird/js/release/async.js.Async._drainQueue (http://localhost:43751/__cypress/runner/cypress_runner.js:162140:16)\n    at Async../node_modules/bluebird/js/release/async.js.Async._drainQueues (http://localhost:43751/__cypress/runner/cypress_runner.js:162150:10)\n    at Async.drainQueues (http://localhost:43751/__cypress/runner/cypress_runner.js:162024:14)",
                "diff": null
              },
              "uuid": "2c670288-c989-4b3d-8885-d2d898902bdc",
              "parentUUID": "92a75963-bb15-46ce-88e4-540f2d47581c",
              "isHook": false,
              "skipped": false
            },
            {
              "title": "Verifica se o botão está posicionado entre a paleta de cores e o quadro de pixels",
              "fullTitle": "9 - Crie um botão que, ao ser clicado, limpa o quadro preenchendo a cor de todos seus pixels com branco. Verifica se o botão está posicionado entre a paleta de cores e o quadro de pixels",
              "timedOut": null,
              "duration": 4774,
              "state": "failed",
              "speed": null,
              "pass": false,
              "fail": true,
              "pending": false,
              "context": null,
              "code": "cy.get('#color-palette').then(function (palette) {\n  cy.get('#clear-board').should('be.belowOf', palette);\n});\ncy.get('#clear-board').then(function (clearBtn) {\n  cy.get('#pixel-board').should('be.belowOf', clearBtn);\n});",
              "err": {
                "message": "CypressError: Timed out retrying: Expected to find element: '#color-palette', but never found it.",
                "estack": "CypressError: Timed out retrying: Expected to find element: '#color-palette', but never found it.\n    at cypressErr (http://localhost:43751/__cypress/runner/cypress_runner.js:149934:9)\n    at throwErr (http://localhost:43751/__cypress/runner/cypress_runner.js:149867:11)\n    at Object.throwErrByPath (http://localhost:43751/__cypress/runner/cypress_runner.js:149915:3)\n    at retry (http://localhost:43751/__cypress/runner/cypress_runner.js:144197:19)\n    at onFailFn (http://localhost:43751/__cypress/runner/cypress_runner.js:132448:16)\n    at tryCatcher (http://localhost:43751/__cypress/runner/cypress_runner.js:167415:23)\n    at Promise._settlePromiseFromHandler (http://localhost:43751/__cypress/runner/cypress_runner.js:165351:31)\n    at Promise._settlePromise (http://localhost:43751/__cypress/runner/cypress_runner.js:165408:18)\n    at Promise._settlePromise0 (http://localhost:43751/__cypress/runner/cypress_runner.js:165453:10)\n    at Promise._settlePromises (http://localhost:43751/__cypress/runner/cypress_runner.js:165528:18)\n    at Async../node_modules/bluebird/js/release/async.js.Async._drainQueue (http://localhost:43751/__cypress/runner/cypress_runner.js:162140:16)\n    at Async../node_modules/bluebird/js/release/async.js.Async._drainQueues (http://localhost:43751/__cypress/runner/cypress_runner.js:162150:10)\n    at Async.drainQueues (http://localhost:43751/__cypress/runner/cypress_runner.js:162024:14)",
                "diff": null
              },
              "uuid": "11df46b6-fd98-4a18-b57e-a6a9a8918fc9",
              "parentUUID": "92a75963-bb15-46ce-88e4-540f2d47581c",
              "isHook": false,
              "skipped": false
            },
            {
              "title": "Verifica se o texto do botão é 'Limpar'",
              "fullTitle": "9 - Crie um botão que, ao ser clicado, limpa o quadro preenchendo a cor de todos seus pixels com branco. Verifica se o texto do botão é 'Limpar'",
              "timedOut": null,
              "duration": 4711,
              "state": "failed",
              "speed": null,
              "pass": false,
              "fail": true,
              "pending": false,
              "context": null,
              "code": "cy.get('#clear-board').should('contain.text', 'Limpar');",
              "err": {
                "message": "CypressError: Timed out retrying: Expected to find element: '#clear-board', but never found it.",
                "estack": "CypressError: Timed out retrying: Expected to find element: '#clear-board', but never found it.\n    at cypressErr (http://localhost:43751/__cypress/runner/cypress_runner.js:149934:9)\n    at throwErr (http://localhost:43751/__cypress/runner/cypress_runner.js:149867:11)\n    at Object.throwErrByPath (http://localhost:43751/__cypress/runner/cypress_runner.js:149915:3)\n    at retry (http://localhost:43751/__cypress/runner/cypress_runner.js:144197:19)\n    at onFailFn (http://localhost:43751/__cypress/runner/cypress_runner.js:132448:16)\n    at tryCatcher (http://localhost:43751/__cypress/runner/cypress_runner.js:167415:23)\n    at Promise._settlePromiseFromHandler (http://localhost:43751/__cypress/runner/cypress_runner.js:165351:31)\n    at Promise._settlePromise (http://localhost:43751/__cypress/runner/cypress_runner.js:165408:18)\n    at Promise._settlePromise0 (http://localhost:43751/__cypress/runner/cypress_runner.js:165453:10)\n    at Promise._settlePromises (http://localhost:43751/__cypress/runner/cypress_runner.js:165528:18)\n    at Async../node_modules/bluebird/js/release/async.js.Async._drainQueue (http://localhost:43751/__cypress/runner/cypress_runner.js:162140:16)\n    at Async../node_modules/bluebird/js/release/async.js.Async._drainQueues (http://localhost:43751/__cypress/runner/cypress_runner.js:162150:10)\n    at Async.drainQueues (http://localhost:43751/__cypress/runner/cypress_runner.js:162024:14)",
                "diff": null
              },
              "uuid": "f2272847-77ed-430a-aa89-c8ade332eaa8",
              "parentUUID": "92a75963-bb15-46ce-88e4-540f2d47581c",
              "isHook": false,
              "skipped": false
            },
            {
              "title": "Verifica se ao clicar no botão, o quadro de pixels é totalmente preenchido de branco",
              "fullTitle": "9 - Crie um botão que, ao ser clicado, limpa o quadro preenchendo a cor de todos seus pixels com branco. Verifica se ao clicar no botão, o quadro de pixels é totalmente preenchido de branco",
              "timedOut": null,
              "duration": 4687,
              "state": "failed",
              "speed": null,
              "pass": false,
              "fail": true,
              "pending": false,
              "context": null,
              "code": "cy.get('.color').eq(1).then(function (color) {\n  var backgroundColor = color.css('background-color');\n  cy.wrap(color).click();\n  cy.get('.pixel').each(function (pixel) {\n    cy.wrap(pixel).click().should('have.css', 'background-color', backgroundColor);\n  });\n});\ncy.get('#clear-board').click();\ncy.get('.pixel').each(function (pixel) {\n  cy.wrap(pixel).should('have.css', 'background-color', WHITE);\n});",
              "err": {
                "message": "CypressError: Timed out retrying: Expected to find element: '.color', but never found it.",
                "estack": "CypressError: Timed out retrying: Expected to find element: '.color', but never found it.\n    at cypressErr (http://localhost:43751/__cypress/runner/cypress_runner.js:149934:9)\n    at throwErr (http://localhost:43751/__cypress/runner/cypress_runner.js:149867:11)\n    at Object.throwErrByPath (http://localhost:43751/__cypress/runner/cypress_runner.js:149915:3)\n    at retry (http://localhost:43751/__cypress/runner/cypress_runner.js:144197:19)\n    at onFailFn (http://localhost:43751/__cypress/runner/cypress_runner.js:132448:16)\n    at tryCatcher (http://localhost:43751/__cypress/runner/cypress_runner.js:167415:23)\n    at Promise._settlePromiseFromHandler (http://localhost:43751/__cypress/runner/cypress_runner.js:165351:31)\n    at Promise._settlePromise (http://localhost:43751/__cypress/runner/cypress_runner.js:165408:18)\n    at Promise._settlePromise0 (http://localhost:43751/__cypress/runner/cypress_runner.js:165453:10)\n    at Promise._settlePromises (http://localhost:43751/__cypress/runner/cypress_runner.js:165528:18)\n    at Async../node_modules/bluebird/js/release/async.js.Async._drainQueue (http://localhost:43751/__cypress/runner/cypress_runner.js:162140:16)\n    at Async../node_modules/bluebird/js/release/async.js.Async._drainQueues (http://localhost:43751/__cypress/runner/cypress_runner.js:162150:10)\n    at Async.drainQueues (http://localhost:43751/__cypress/runner/cypress_runner.js:162024:14)",
                "diff": null
              },
              "uuid": "f5806766-eeb4-494e-a155-d463e6cff13e",
              "parentUUID": "92a75963-bb15-46ce-88e4-540f2d47581c",
              "isHook": false,
              "skipped": false
            }
          ],
          "suites": [],
          "passes": [],
          "failures": [
            "2c670288-c989-4b3d-8885-d2d898902bdc",
            "11df46b6-fd98-4a18-b57e-a6a9a8918fc9",
            "f2272847-77ed-430a-aa89-c8ade332eaa8",
            "f5806766-eeb4-494e-a155-d463e6cff13e"
          ],
          "pending": [],
          "skipped": [],
          "duration": 18772,
          "root": false,
          "rootEmpty": false,
          "_timeout": 2000
        },
        {
          "uuid": "68939074-8d77-452a-86a7-842328143a22",
          "title": "10 - Faça o quadro de pixels ter seu tamanho definido pelo usuário.",
          "fullFile": "",
          "file": "",
          "beforeHooks": [],
          "afterHooks": [],
          "tests": [
            {
              "title": "Verifica se existe um input com o id `board-size`",
              "fullTitle": "10 - Faça o quadro de pixels ter seu tamanho definido pelo usuário. Verifica se existe um input com o id `board-size`",
              "timedOut": null,
              "duration": 4671,
              "state": "failed",
              "speed": null,
              "pass": false,
              "fail": true,
              "pending": false,
              "context": null,
              "code": "cy.get('#board-size').should('be.visible');",
              "err": {
                "message": "CypressError: Timed out retrying: Expected to find element: '#board-size', but never found it.",
[...]
                "diff": null
              },
              "uuid": "5d12199d-8280-4494-969a-cf1eb1defeca",
              "parentUUID": "68939074-8d77-452a-86a7-842328143a22",
              "isHook": false,
              "skipped": false
            },
            {
              "title": "Verifica se o novo quadro tem todos os pixels preenchidos com a cor branca",
              "fullTitle": "10 - Faça o quadro de pixels ter seu tamanho definido pelo usuário. Verifica se o novo quadro tem todos os pixels preenchidos com a cor branca",
              "timedOut": null,
              "duration": 4852,
              "state": "failed",
              "speed": null,
              "pass": false,
              "fail": true,
              "pending": false,
              "context": null,
              "code": "cy.get('#board-size').clear().type(6);\ncy.get('#generate-board').click();\ncy.get('.pixel').should('have.length', 36).each(function (pixel) {\n  expect(pixel).to.have.css('background-color', WHITE);\n});",
              "err": {
                "message": "CypressError: Timed out retrying: Expected to find element: '#board-size', but never found it.",
                "estack": "CypressError: Timed out retrying: Expected to find element: '#board-size', but never found it.\n    at cypressErr (http://localhost:43751/__cypress/runner/cypress_runner.js:149934:9)\n    at throwErr (http://localhost:43751/__cypress/runner/cypress_runner.js:149867:11)\n    at Object.throwErrByPath (http://localhost:43751/__cypress/runner/cypress_runner.js:149915:3)\n    at retry (http://localhost:43751/__cypress/runner/cypress_runner.js:144197:19)\n    at onFailFn (http://localhost:43751/__cypress/runner/cypress_runner.js:132448:16)\n    at tryCatcher (http://localhost:43751/__cypress/runner/cypress_runner.js:167415:23)\n    at Promise._settlePromiseFromHandler (http://localhost:43751/__cypress/runner/cypress_runner.js:165351:31)\n    at Promise._settlePromise (http://localhost:43751/__cypress/runner/cypress_runner.js:165408:18)\n    at Promise._settlePromise0 (http://localhost:43751/__cypress/runner/cypress_runner.js:165453:10)\n    at Promise._settlePromises (http://localhost:43751/__cypress/runner/cypress_runner.js:165528:18)\n    at Async../node_modules/bluebird/js/release/async.js.Async._drainQueue (http://localhost:43751/__cypress/runner/cypress_runner.js:162140:16)\n    at Async../node_modules/bluebird/js/release/async.js.Async._drainQueues (http://localhost:43751/__cypress/runner/cypress_runner.js:162150:10)\n    at Async.drainQueues (http://localhost:43751/__cypress/runner/cypress_runner.js:162024:14)",
                "diff": null
              },
              "uuid": "ba140637-55c8-4187-ba00-8641f222fe50",
              "parentUUID": "68939074-8d77-452a-86a7-842328143a22",
              "isHook": false,
              "skipped": false
            }
          ],
          "suites": [],
          "passes": [],
          "failures": [
            "709c1afc-032b-46d8-8ee0-f113d285c98e",
            "934f7927-28a7-4321-b0e7-db241bce1d4c",
            "8310fa6f-31b0-4388-b86a-900cd97f0b0d",
            "27173a49-9782-48d5-a095-ad7d53e5cd4a",
            "d3f45fc0-d20d-42f8-a50f-4ebb84b4362b",
            "98adfd4a-3565-44f2-9be6-3740c7196d96",
            "e575020d-3afc-4e39-a79c-3e36928441a4",
            "5d12199d-8280-4494-969a-cf1eb1defeca",
            "ba140637-55c8-4187-ba00-8641f222fe50"
          ],
          "pending": [],
          "skipped": [],
          "duration": 42796,
          "root": false,
          "rootEmpty": false,
          "_timeout": 2000
        },
        {
          "uuid": "92cd7cf8-5d19-4025-ab5b-cc44e62c7468",
          "title": "11 - Limite o tamanho mínimo e máximo do board.",
          "fullFile": "",
          "file": "",
          "beforeHooks": [],
          "afterHooks": [],
          "tests": [
            {
              "title": "Verifica se a altura máxima do board é 50",
              "fullTitle": "11 - Limite o tamanho mínimo e máximo do board. Verifica se a altura máxima do board é 50",
              "timedOut": null,
              "duration": 4779,
              "state": "failed",
              "speed": null,
              "pass": false,
              "fail": true,
              "pending": false,
              "context": null,
              "code": "cy.get('#board-size').clear().type(50);\ncy.get('#generate-board').click();\ncy.get('.pixel').should('have.length', 2500);",
              "err": {
                "message": "CypressError: Timed out retrying: Expected to find element: '#board-size', but never found it.",
                "estack": "CypressError: Timed out retrying: Expected to find element: '#board-size', but never found it.\n    at cypressErr (http://localhost:43751/__cypress/runner/cypress_runner.js:149934:9)\n    at throwErr (http://localhost:43751/__cypress/runner/cypress_runner.js:149867:11)\n    at Object.throwErrByPath (http://localhost:43751/__cypress/runner/cypress_runner.js:149915:3)\n    at retry (http://localhost:43751/__cypress/runner/cypress_runner.js:144197:19)\n    at onFailFn (http://localhost:43751/__cypress/runner/cypress_runner.js:132448:16)\n    at tryCatcher (http://localhost:43751/__cypress/runner/cypress_runner.js:167415:23)\n    at Promise._settlePromiseFromHandler (http://localhost:43751/__cypress/runner/cypress_runner.js:165351:31)\n    at Promise._settlePromise (http://localhost:43751/__cypress/runner/cypress_runner.js:165408:18)\n    at Promise._settlePromise0 (http://localhost:43751/__cypress/runner/cypress_runner.js:165453:10)\n    at Promise._settlePromises (http://localhost:43751/__cypress/runner/cypress_runner.js:165528:18)\n    at Async../node_modules/bluebird/js/release/async.js.Async._drainQueue (http://localhost:43751/__cypress/runner/cypress_runner.js:162140:16)\n    at Async../node_modules/bluebird/js/release/async.js.Async._drainQueues (http://localhost:43751/__cypress/runner/cypress_runner.js:162150:10)\n    at Async.drainQueues (http://localhost:43751/__cypress/runner/cypress_runner.js:162024:14)",
                "diff": null
              },
              "uuid": "48a9309e-9e63-461b-8a47-930018b5f2e5",
              "parentUUID": "92cd7cf8-5d19-4025-ab5b-cc44e62c7468",
              "isHook": false,
              "skipped": false
            },
            {
              "title": "Verifica se a altura do board é 5 quando um valor menor é colocado no input",
              "fullTitle": "11 - Limite o tamanho mínimo e máximo do board. Verifica se a altura do board é 5 quando um valor menor é colocado no input",
              "timedOut": null,
              "duration": 4679,
              "state": "failed",
              "speed": null,
              "pass": false,
              "fail": true,
              "pending": false,
              "context": null,
              "code": "cy.get('#board-size').clear().type(4);\ncy.get('#generate-board').click();\ncy.get('.pixel').should('have.length', 25);",
              "err": {
                "message": "CypressError: Timed out retrying: Expected to find element: '#board-size', but never found it.",
                "estack": "CypressError: Timed out retrying: Expected to find element: '#board-size', but never found it.\n    at cypressErr (http://localhost:43751/__cypress/runner/cypress_runner.js:149934:9)\n    at throwErr (http://localhost:43751/__cypress/runner/cypress_runner.js:149867:11)\n    at Object.throwErrByPath (http://localhost:43751/__cypress/runner/cypress_runner.js:149915:3)\n    at retry (http://localhost:43751/__cypress/runner/cypress_runner.js:144197:19)\n    at onFailFn (http://localhost:43751/__cypress/runner/cypress_runner.js:132448:16)\n    at tryCatcher (http://localhost:43751/__cypress/runner/cypress_runner.js:167415:23)\n    at Promise._settlePromiseFromHandler (http://localhost:43751/__cypress/runner/cypress_runner.js:165351:31)\n    at Promise._settlePromise (http://localhost:43751/__cypress/runner/cypress_runner.js:165408:18)\n    at Promise._settlePromise0 (http://localhost:43751/__cypress/runner/cypress_runner.js:165453:10)\n    at Promise._settlePromises (http://localhost:43751/__cypress/runner/cypress_runner.js:165528:18)\n    at Async../node_modules/bluebird/js/release/async.js.Async._drainQueue (http://localhost:43751/__cypress/runner/cypress_runner.js:162140:16)\n    at Async../node_modules/bluebird/js/release/async.js.Async._drainQueues (http://localhost:43751/__cypress/runner/cypress_runner.js:162150:10)\n    at Async.drainQueues (http://localhost:43751/__cypress/runner/cypress_runner.js:162024:14)",
                "diff": null
              },
              "uuid": "6dc24ce2-1e39-4eac-86b0-d39bf0fe65e0",
              "parentUUID": "92cd7cf8-5d19-4025-ab5b-cc44e62c7468",
              "isHook": false,
              "skipped": false
            },
            {
              "title": "Verifica se a altura do board é 50 quando um valor maior é colocado no input",
              "fullTitle": "11 - Limite o tamanho mínimo e máximo do board. Verifica se a altura do board é 50 quando um valor maior é colocado no input",
              "timedOut": null,
              "duration": 4680,
              "state": "failed",
              "speed": null,
              "pass": false,
              "fail": true,
              "pending": false,
              "context": null,
              "code": "cy.get('#board-size').clear().type(51);\ncy.get('#generate-board').click();\ncy.get('.pixel').should('have.length', 2500);",
              "err": {
                "message": "CypressError: Timed out retrying: Expected to find element: '#board-size', but never found it.",
                "estack": "CypressError: Timed out retrying: Expected to find element: '#board-size', but never found it.\n    at cypressErr (http://localhost:43751/__cypress/runner/cypress_runner.js:149934:9)\n    at throwErr (http://localhost:43751/__cypress/runner/cypress_runner.js:149867:11)\n    at Object.throwErrByPath (http://localhost:43751/__cypress/runner/cypress_runner.js:149915:3)\n    at retry (http://localhost:43751/__cypress/runner/cypress_runner.js:144197:19)\n    at onFailFn (http://localhost:43751/__cypress/runner/cypress_runner.js:132448:16)\n    at tryCatcher (http://localhost:43751/__cypress/runner/cypress_runner.js:167415:23)\n    at Promise._settlePromiseFromHandler (http://localhost:43751/__cypress/runner/cypress_runner.js:165351:31)\n    at Promise._settlePromise (http://localhost:43751/__cypress/runner/cypress_runner.js:165408:18)\n    at Promise._settlePromise0 (http://localhost:43751/__cypress/runner/cypress_runner.js:165453:10)\n    at Promise._settlePromises (http://localhost:43751/__cypress/runner/cypress_runner.js:165528:18)\n    at Async../node_modules/bluebird/js/release/async.js.Async._drainQueue (http://localhost:43751/__cypress/runner/cypress_runner.js:162140:16)\n    at Async../node_modules/bluebird/js/release/async.js.Async._drainQueues (http://localhost:43751/__cypress/runner/cypress_runner.js:162150:10)\n    at Async.drainQueues (http://localhost:43751/__cypress/runner/cypress_runner.js:162024:14)",
                "diff": null
              },
              "uuid": "1696ef70-9bc4-4bab-930d-f3b4b5ab3d69",
              "parentUUID": "92cd7cf8-5d19-4025-ab5b-cc44e62c7468",
              "isHook": false,
              "skipped": false
            }
          ],
          "suites": [],
          "passes": [],
          "failures": [
            "48a9309e-9e63-461b-8a47-930018b5f2e5",
            "6dc24ce2-1e39-4eac-86b0-d39bf0fe65e0",
            "1696ef70-9bc4-4bab-930d-f3b4b5ab3d69"
          ],
          "pending": [],
          "skipped": [],
          "duration": 14138,
          "root": false,
          "rootEmpty": false,
          "_timeout": 2000
        },
        {
          "uuid": "fcb5d734-6b64-4fc3-9597-9c6030b791ea",
          "title": "12 - Faça com que as cores da paleta sejam geradas aleatoriamente ao carregar a página.",
          "fullFile": "",
          "file": "",
          "beforeHooks": [],
          "afterHooks": [],
          "tests": [
            {
              "title": "Verifica se as cores geradas na paleta são diferentes a cada carregamento da página",
              "fullTitle": "12 - Faça com que as cores da paleta sejam geradas aleatoriamente ao carregar a página. Verifica se as cores geradas na paleta são diferentes a cada carregamento da página",
              "timedOut": null,
              "duration": 4727,
              "state": "failed",
              "speed": null,
              "pass": false,
              "fail": true,
              "pending": false,
              "context": null,
              "code": "cy.get('.color').then(function (colors) {\n  var currentColors;\n  var previousColors;\n  previousColors = Array.from(colors).map(function (color) {\n    return Cypress.$(color).css('background-color');\n  });\n  for (var i = 0; i < 5; i += 1) {\n    cy.reload();\n    cy.get('.color').then(function (colors) {\n      currentColors = Array.from(colors).map(function (color) {\n        return Cypress.$(color).css('background-color');\n      });\n      expect(currentColors).not.to.deep.equal(previousColors);\n      previousColors = currentColors;\n    });\n  }\n});",
              "err": {
                "message": "CypressError: Timed out retrying: Expected to find element: '.color', but never found it.",
                "estack": "CypressError: Timed out retrying: Expected to find element: '.color', but never found it.\n    at cypressErr (http://localhost:43751/__cypress/runner/cypress_runner.js:149934:9)\n    at throwErr (http://localhost:43751/__cypress/runner/cypress_runner.js:149867:11)\n    at Object.throwErrByPath (http://localhost:43751/__cypress/runner/cypress_runner.js:149915:3)\n    at retry (http://localhost:43751/__cypress/runner/cypress_runner.js:144197:19)\n    at onFailFn (http://localhost:43751/__cypress/runner/cypress_runner.js:132448:16)\n    at tryCatcher (http://localhost:43751/__cypress/runner/cypress_runner.js:167415:23)\n    at Promise._settlePromiseFromHandler (http://localhost:43751/__cypress/runner/cypress_runner.js:165351:31)\n    at Promise._settlePromise (http://localhost:43751/__cypress/runner/cypress_runner.js:165408:18)\n    at Promise._settlePromise0 (http://localhost:43751/__cypress/runner/cypress_runner.js:165453:10)\n    at Promise._settlePromises (http://localhost:43751/__cypress/runner/cypress_runner.js:165528:18)\n    at Async../node_modules/bluebird/js/release/async.js.Async._drainQueue (http://localhost:43751/__cypress/runner/cypress_runner.js:162140:16)\n    at Async../node_modules/bluebird/js/release/async.js.Async._drainQueues (http://localhost:43751/__cypress/runner/cypress_runner.js:162150:10)\n    at Async.drainQueues (http://localhost:43751/__cypress/runner/cypress_runner.js:162024:14)",
                "diff": null
              },
              "uuid": "6acfc980-5a86-428b-9efa-9c1a50fadc81",
              "parentUUID": "fcb5d734-6b64-4fc3-9597-9c6030b791ea",
              "isHook": false,
              "skipped": false
            },
            {
              "title": "Verifica se a cor preta ainda está presente e é a primeira na sua paleta de cores",
              "fullTitle": "12 - Faça com que as cores da paleta sejam geradas aleatoriamente ao carregar a página. Verifica se a cor preta ainda está presente e é a primeira na sua paleta de cores",
              "timedOut": null,
              "duration": 4719,
              "state": "failed",
              "speed": null,
              "pass": false,
              "fail": true,
              "pending": false,
              "context": null,
              "code": "cy.get('.color').then(function (colors) {\n  var currentColors;\n  var previousColors;\n  previousColors = Array.from(colors).map(function (color) {\n    return Cypress.$(color).css('background-color');\n  });\n  expect(previousColors[0]).to.eq(BLACK);\n  for (var i = 0; i < 5; i += 1) {\n    cy.reload();\n    cy.get('.color').then(function (colors) {\n      currentColors = Array.from(colors).map(function (color) {\n        return Cypress.$(color).css('background-color');\n      });\n      expect(currentColors[0]).to.eq(BLACK);\n      expect(currentColors).not.to.deep.equal(previousColors);\n      previousColors = currentColors;\n    });\n  }\n});",
              "err": {
                "message": "CypressError: Timed out retrying: Expected to find element: '.color', but never found it.",
                "estack": "CypressError: Timed out retrying: Expected to find element: '.color', but never found it.\n    at cypressErr (http://localhost:43751/__cypress/runner/cypress_runner.js:149934:9)\n    at throwErr (http://localhost:43751/__cypress/runner/cypress_runner.js:149867:11)\n    at Object.throwErrByPath (http://localhost:43751/__cypress/runner/cypress_runner.js:149915:3)\n    at retry (http://localhost:43751/__cypress/runner/cypress_runner.js:144197:19)\n    at onFailFn (http://localhost:43751/__cypress/runner/cypress_runner.js:132448:16)\n    at tryCatcher (http://localhost:43751/__cypress/runner/cypress_runner.js:167415:23)\n    at Promise._settlePromiseFromHandler (http://localhost:43751/__cypress/runner/cypress_runner.js:165351:31)\n    at Promise._settlePromise (http://localhost:43751/__cypress/runner/cypress_runner.js:165408:18)\n    at Promise._settlePromise0 (http://localhost:43751/__cypress/runner/cypress_runner.js:165453:10)\n    at Promise._settlePromises (http://localhost:43751/__cypress/runner/cypress_runner.js:165528:18)\n    at Async../node_modules/bluebird/js/release/async.js.Async._drainQueue (http://localhost:43751/__cypress/runner/cypress_runner.js:162140:16)\n    at Async../node_modules/bluebird/js/release/async.js.Async._drainQueues (http://localhost:43751/__cypress/runner/cypress_runner.js:162150:10)\n    at Async.drainQueues (http://localhost:43751/__cypress/runner/cypress_runner.js:162024:14)",
                "diff": null
              },
              "uuid": "4e948148-1c82-48af-8192-96741a1dfb58",
              "parentUUID": "fcb5d734-6b64-4fc3-9597-9c6030b791ea",
              "isHook": false,
              "skipped": false
            }
          ],
          "suites": [],
          "passes": [],
          "failures": [
            "6acfc980-5a86-428b-9efa-9c1a50fadc81",
            "4e948148-1c82-48af-8192-96741a1dfb58"
          ],
          "pending": [],
          "skipped": [],
          "duration": 9446,
          "root": false,
          "rootEmpty": false,
          "_timeout": 2000
        }
      ],
      "passes": [],
      "failures": [],
      "pending": [],
      "skipped": [],
      "duration": 0,
      "root": true,
      "rootEmpty": true,
      "_timeout": 2000
    }
  ],
  "meta": {
    "mocha": {
      "version": "7.0.1"
    },
    "mochawesome": {
      "options": {
        "quiet": false,
        "reportFilename": "mochawesome",
        "saveHtml": false,
        "saveJson": true,
        "consoleReporter": "spec",
        "useInlineDiffs": false
      },
      "version": "4.1.0"
    },
    "marge": {
      "options": {
        "id": "default",
        "reportDir": "cypress/reports",
        "overwrite": true,
        "html": false,
        "json": true
      },
      "version": "4.1.0"
    }
  }
}